c:\users\lenovo\desktop\electronbot_win\x64\debug\vc143.pdb
c:\users\lenovo\desktop\electronbot_win\x64\debug\vc143.idb
c:\users\lenovo\desktop\electronbot_win\x64\debug\electron_player.obj
c:\users\lenovo\desktop\electronbot_win\x64\debug\electron_low_level.obj
c:\users\lenovo\desktop\electronbot_win\x64\debug\electron_controller.obj
c:\users\lenovo\desktop\electronbot_win\x64\debug\audioclip.obj
c:\users\lenovo\desktop\electronbot_win\x64\debug\sample.obj
c:\users\lenovo\desktop\electronbot_win\x64\debug\tcpserver.obj
c:\users\lenovo\desktop\electronbot_win\x64\debug\electronbot_win.lib
c:\users\lenovo\desktop\electronbot_win\x64\debug\electronbot_win.exp
c:\users\lenovo\desktop\electronbot_win\x64\debug\electronbot_win.exe
c:\users\lenovo\desktop\electronbot_win\x64\debug\electronbot_win.ilk
c:\users\lenovo\desktop\electronbot_win\x64\debug\electronbot_win.pdb
c:\users\lenovo\desktop\electronbot_win\x64\debug\electron_controller.obj.enc
c:\users\lenovo\desktop\electronbot_win\x64\debug\electronbot_win.tlog\cl.command.1.tlog
c:\users\lenovo\desktop\electronbot_win\x64\debug\electronbot_win.tlog\cl.read.1.tlog
c:\users\lenovo\desktop\electronbot_win\x64\debug\electronbot_win.tlog\cl.write.1.tlog
c:\users\lenovo\desktop\electronbot_win\x64\debug\electronbot_win.tlog\electronbot_win.write.1u.tlog
c:\users\lenovo\desktop\electronbot_win\x64\debug\electronbot_win.tlog\link.command.1.tlog
c:\users\lenovo\desktop\electronbot_win\x64\debug\electronbot_win.tlog\link.read.1.tlog
c:\users\lenovo\desktop\electronbot_win\x64\debug\electronbot_win.tlog\link.write.1.tlog
